<?xml version="1.0" encoding="UTF-8"?>
<!-- Generated by org.testng.reporters.JUnitXMLReporter -->
<testsuite ignored="1" hostname="MacBook-Pro" failures="0" tests="2" name="Test" time="4.216" errors="0" timestamp="28 Sep 2022 04:34:46 GMT">
  <testcase classname="Test.HomePageTest" name="homepagetest" time="0.09"/>
  <testcase classname="Test.CreateNewAccountPageTest" name="cnapagetest" time="4.109"/>
  <testcase classname="Test.BaseTest" name="@BeforeSuite setup" time="0.0">
    <ignored/>
  </testcase> <!-- @BeforeSuite setup -->
</testsuite> <!-- Test -->
